f:\code\machine-vision-algorithms-library\machine-vision-algorithms-library\libinfo\x64\debug\vc141.pdb
f:\code\machine-vision-algorithms-library\machine-vision-algorithms-library\libinfo\x64\debug\vc141.idb
f:\code\machine-vision-algorithms-library\machine-vision-algorithms-library\libinfo\x64\debug\opencvinfo.obj
f:\code\machine-vision-algorithms-library\machine-vision-algorithms-library\libinfo\x64\debug\libinfo.pdb
f:\code\machine-vision-algorithms-library\machine-vision-algorithms-library\libinfo\x64\debug\libinfo.idb
f:\code\machine-vision-algorithms-library\machine-vision-algorithms-library\x64\debug\libinfo.lib
f:\code\machine-vision-algorithms-library\machine-vision-algorithms-library\x64\debug\libinfo.pdb
f:\code\machine-vision-algorithms-library\machine-vision-algorithms-library\libinfo\x64\debug\libinfo.tlog\cl.command.1.tlog
f:\code\machine-vision-algorithms-library\machine-vision-algorithms-library\libinfo\x64\debug\libinfo.tlog\cl.read.1.tlog
f:\code\machine-vision-algorithms-library\machine-vision-algorithms-library\libinfo\x64\debug\libinfo.tlog\cl.write.1.tlog
f:\code\machine-vision-algorithms-library\machine-vision-algorithms-library\libinfo\x64\debug\libinfo.tlog\lib-link.read.1.tlog
f:\code\machine-vision-algorithms-library\machine-vision-algorithms-library\libinfo\x64\debug\libinfo.tlog\lib-link.write.1.tlog
f:\code\machine-vision-algorithms-library\machine-vision-algorithms-library\libinfo\x64\debug\libinfo.tlog\lib.command.1.tlog
f:\code\machine-vision-algorithms-library\machine-vision-algorithms-library\libinfo\x64\debug\libinfo.tlog\link-cvtres.read.1.tlog
f:\code\machine-vision-algorithms-library\machine-vision-algorithms-library\libinfo\x64\debug\libinfo.tlog\link-cvtres.write.1.tlog
f:\code\machine-vision-algorithms-library\machine-vision-algorithms-library\libinfo\x64\debug\libinfo.tlog\link-rc.read.1.tlog
f:\code\machine-vision-algorithms-library\machine-vision-algorithms-library\libinfo\x64\debug\libinfo.tlog\link-rc.write.1.tlog
f:\code\machine-vision-algorithms-library\machine-vision-algorithms-library\libinfo\x64\debug\libinfo.tlog\link.command.1.tlog
f:\code\machine-vision-algorithms-library\machine-vision-algorithms-library\libinfo\x64\debug\libinfo.tlog\link.read.1.tlog
f:\code\machine-vision-algorithms-library\machine-vision-algorithms-library\libinfo\x64\debug\libinfo.tlog\link.write.1.tlog
